<?xml version="1.0" encoding="UTF-8"?>
<testsuite name="com.bestbuy.cucumber.CucumberRunner" time="2.136" tests="40" errors="0" skipped="0" failures="0">
  <properties>
[...]
</properties>
  <testcase name="When User sends a GET request to list endpoint" classname="Scenario: Check if the BestBuy application can be accessed by users" time="0.001"/>
  <testcase name="Then User must get back a valid status code 200" classname="Scenario: Check if the BestBuy application can be accessed by users" time="0"/>
  <testcase name="Scenario: Check if the BestBuy application can be accessed by users" classname="Scenario: Check if the BestBuy application can be accessed by users" time="0.86"/>
  <testcase name="Scenario: Check if the BestBuy application can be accessed by users" classname="Scenario: Check if the BestBuy application can be accessed by users" time="0.075"/>
  <testcase name="When I create a new product by providing the information name &quot;viral1&quot;, type &quot;prime&quot;, upc &quot;abcd&quot;, description &quot;auto&quot;, model &quot;best&quot;, price  &quot;10&quot;, shipping &quot;11&quot;, manufacturer &quot;tesla&quot;" classname="| viral1 | prime | abcd | auto | best | 10 | 11 | tesla |" time="0"/>
  <testcase name="Then I verify that the product  with &quot;10&quot; is created" classname="| viral1 | prime | abcd | auto | best | 10 | 11 | tesla |" time="0"/>
  <testcase name="| viral1 | prime | abcd | auto | best | 10 | 11 | tesla |" classname="| viral1 | prime | abcd | auto | best | 10 | 11 | tesla |" time="0.05"/>
  <testcase name="When I update a product with product Id and give information ProductId &quot;673890&quot; name &quot;viral&quot;, type &quot;HardGood&quot;, upc &quot;abcd&quot;, description &quot;auto&quot;, model &quot;best&quot;, price  &quot;10&quot;, shipping &quot;11&quot; , manufacturer &quot;tesla&quot;" classname="Scenario: Update an exciting product &amp; verify that product  is updated" time="0"/>
  <testcase name="Then I verify that the product with id productId &quot;673890&quot; is updated" classname="Scenario: Update an exciting product &amp; verify that product  is updated" time="0"/>
  <testcase name="Scenario: Update an exciting product &amp; verify that product  is updated" classname="Scenario: Update an exciting product &amp; verify that product  is updated" time="0.066"/>
  <testcase name="When I delete product with product Id" classname="Scenario: Delete an exciting product &amp; verify that product is deleted" time="0"/>
  <testcase name="Then I verify using  product id  that  data is deleted" classname="Scenario: Delete an exciting product &amp; verify that product is deleted" time="0"/>
  <testcase name="Scenario: Delete an exciting product &amp; verify that product is deleted" classname="Scenario: Delete an exciting product &amp; verify that product is deleted" time="0.057"/>
  <testcase name="Given Check if the BestBuy application can be accessed by users" classname="| Michel1 | Jackson | 0123415 | auto | best | 11 | 10 | tesla |" time="0"/>
  <testcase name="When I create a new product by providing the information name &quot;Michel1&quot;, type &quot;Jackson&quot;, upc &quot;0123415&quot;, description &quot;auto&quot;, model &quot;best&quot;, price  &quot;11&quot;, shipping &quot;10&quot;, manufacturer &quot;tesla&quot;" classname="| Michel1 | Jackson | 0123415 | auto | best | 11 | 10 | tesla |" time="0"/>
  <testcase name="Then I verify that the product  with &quot;11&quot; is created" classname="| Michel1 | Jackson | 0123415 | auto | best | 11 | 10 | tesla |" time="0"/>
  <testcase name="And I update a product with product Id and give information ProductId &quot;673890&quot; name &quot;viral1&quot;, type &quot;HardGood&quot;, upc &quot;abcd&quot;, description &quot;auto&quot;, model &quot;best&quot;, price  &quot;10&quot;, shipping &quot;11&quot; , manufacturer &quot;tesla&quot;" classname="| Michel1 | Jackson | 0123415 | auto | best | 11 | 10 | tesla |" time="0"/>
  <testcase name="Then I verify that the product with id productId &quot;673890&quot; is updated" classname="| Michel1 | Jackson | 0123415 | auto | best | 11 | 10 | tesla |" time="0"/>
  <testcase name="And I delete product with product Id" classname="| Michel1 | Jackson | 0123415 | auto | best | 11 | 10 | tesla |" time="0"/>
  <testcase name="Then I verify using  product id  that  data is deleted" classname="| Michel1 | Jackson | 0123415 | auto | best | 11 | 10 | tesla |" time="0"/>
  <testcase name="| Michel1 | Jackson | 0123415 | auto | best | 11 | 10 | tesla |" classname="| Michel1 | Jackson | 0123415 | auto | best | 11 | 10 | tesla |" time="0.065"/>
  <testcase name="When User sends a GET request to list endpoint for store" classname="Scenario: Check if the BestBuy application can be accessed by users" time="0.003"/>
  <testcase name="Then User must get back a valid status code  for store 200" classname="Scenario: Check if the BestBuy application can be accessed by users" time="0"/>
  <testcase name="When I create a new Store by providing the information name &quot;viral12&quot;, address &quot;prime Testing&quot;, city &quot;abcd&quot;, state &quot;auto&quot;, zip &quot;102df&quot;, type  &quot;best&quot;, address- &quot;avenue&quot;, lat &quot;10&quot;,lng &quot;100&quot;,hours &quot;10:15&quot;,services &quot;tesla&quot;" classname="| viral12 | prime Testing | abcd | auto | 102df | best | avenue | 10 | 100 | 10:15 | tesla |" time="0"/>
  <testcase name="Then I verify that the store  with lat &quot;10&quot; is created" classname="| viral12 | prime Testing | abcd | auto | 102df | best | avenue | 10 | 100 | 10:15 | tesla |" time="0"/>
  <testcase name="| viral12 | prime Testing | abcd | auto | 102df | best | avenue | 10 | 100 | 10:15 | tesla |" classname="| viral12 | prime Testing | abcd | auto | 102df | best | avenue | 10 | 100 | 10:15 | tesla |" time="0.1"/>
  <testcase name="When I update a store with storeId and give information storeId &quot;39&quot; name &quot;viral1&quot;, address &quot;testing&quot;, city &quot;southAmerica&quot;, state &quot;Newyork&quot;, zip &quot;we3wr&quot;, type  &quot;abcd&quot;, address- &quot;highway&quot;, lat &quot;20&quot;,lng &quot;10&quot;,hours &quot;11:11&quot;,services &quot;LMNO&quot;" classname="Scenario: Update an exciting store &amp; verify that store is updated" time="0"/>
  <testcase name="Then I verify that the store with id storeId &quot;39&quot; is updated" classname="Scenario: Update an exciting store &amp; verify that store is updated" time="0"/>
  <testcase name="Scenario: Update an exciting store &amp; verify that store is updated" classname="Scenario: Update an exciting store &amp; verify that store is updated" time="0.189"/>
  <testcase name="When I delete store with store Id" classname="Scenario: Delete an exciting store &amp; verify that store is deleted" time="0"/>
  <testcase name="Then I verify using  store id  that  data is deleted" classname="Scenario: Delete an exciting store &amp; verify that store is deleted" time="0.002"/>
  <testcase name="Scenario: Delete an exciting store &amp; verify that store is deleted" classname="Scenario: Delete an exciting store &amp; verify that store is deleted" time="0.601"/>
  <testcase name="Given Check if the BestBuy application can be accessed by users" classname="| viral121 | prime Testing | abcd | auto | 102df | best | avenue | 10 | 100 | 10:15 | tesla |" time="0"/>
  <testcase name="When I create a new Store by providing the information name &quot;viral121&quot;, address &quot;prime Testing&quot;, city &quot;abcd&quot;, state &quot;auto&quot;, zip &quot;102df&quot;, type  &quot;best&quot;, address- &quot;avenue&quot;, lat &quot;10&quot;,lng &quot;100&quot;,hours &quot;10:15&quot;,services &quot;tesla&quot;" classname="| viral121 | prime Testing | abcd | auto | 102df | best | avenue | 10 | 100 | 10:15 | tesla |" time="0"/>
  <testcase name="Then I verify that the store  with lat &quot;10&quot; is created" classname="| viral121 | prime Testing | abcd | auto | 102df | best | avenue | 10 | 100 | 10:15 | tesla |" time="0"/>
  <testcase name="And I update a store with storeId and give information storeId &quot;39&quot; name &quot;viral1&quot;, address &quot;testing&quot;, city &quot;southAmerica&quot;, state &quot;Newyork&quot;, zip &quot;we3wr&quot;, type  &quot;abcd&quot;, address- &quot;highway&quot;, lat &quot;20&quot;,lng &quot;10&quot;,hours &quot;11:11&quot;,services &quot;LMNO&quot;" classname="| viral121 | prime Testing | abcd | auto | 102df | best | avenue | 10 | 100 | 10:15 | tesla |" time="0"/>
  <testcase name="Then I verify that the store with id storeId &quot;39&quot; is updated" classname="| viral121 | prime Testing | abcd | auto | 102df | best | avenue | 10 | 100 | 10:15 | tesla |" time="0"/>
  <testcase name="And I delete store with store Id" classname="| viral121 | prime Testing | abcd | auto | 102df | best | avenue | 10 | 100 | 10:15 | tesla |" time="0"/>
  <testcase name="Then I verify using  store id  that  data is deleted" classname="| viral121 | prime Testing | abcd | auto | 102df | best | avenue | 10 | 100 | 10:15 | tesla |" time="0"/>
  <testcase name="| viral121 | prime Testing | abcd | auto | 102df | best | avenue | 10 | 100 | 10:15 | tesla |" classname="| viral121 | prime Testing | abcd | auto | 102df | best | avenue | 10 | 100 | 10:15 | tesla |" time="0.142"/>
</testsuite>