<?xml version="1.0" encoding="UTF-8"?>
<testsuite name="com.bestbuy.testsuit.ProductCrudTestWithDataDrivenTest" time="1.607" tests="53" errors="2" skipped="0" failures="1">
  <properties>
[...]
</properties>
  <testcase name="test001[0]" classname="com.bestbuy.testsuit.ProductCrudTestWithDataDrivenTest" time="0.033"/>
  <testcase name="test001[1]" classname="com.bestbuy.testsuit.ProductCrudTestWithDataDrivenTest" time="0.026"/>
  <testcase name="test001[2]" classname="com.bestbuy.testsuit.ProductCrudTestWithDataDrivenTest" time="0.016"/>
  <testcase name="test001[3]" classname="com.bestbuy.testsuit.ProductCrudTestWithDataDrivenTest" time="0.023"/>
  <testcase name="test001[4]" classname="com.bestbuy.testsuit.ProductCrudTestWithDataDrivenTest" time="0.021"/>
  <testcase name="test001[5]" classname="com.bestbuy.testsuit.ProductCrudTestWithDataDrivenTest" time="0.025"/>
  <testcase name="test001[6]" classname="com.bestbuy.testsuit.ProductCrudTestWithDataDrivenTest" time="0.045"/>
  <testcase name="test001[7]" classname="com.bestbuy.testsuit.ProductCrudTestWithDataDrivenTest" time="0.034"/>
  <testcase name="test001[8]" classname="com.bestbuy.testsuit.ProductCrudTestWithDataDrivenTest" time="0.025"/>
  <testcase name="test001[9]" classname="com.bestbuy.testsuit.ProductCrudTestWithDataDrivenTest" time="0.027"/>
  <testcase name="test001[10]" classname="com.bestbuy.testsuit.ProductCrudTestWithDataDrivenTest" time="0.024"/>
  <testcase name="test001[11]" classname="com.bestbuy.testsuit.ProductCrudTestWithDataDrivenTest" time="0.046"/>
  <testcase name="test001[12]" classname="com.bestbuy.testsuit.ProductCrudTestWithDataDrivenTest" time="0.01"/>
  <testcase name="test001[13]" classname="com.bestbuy.testsuit.ProductCrudTestWithDataDrivenTest" time="0.028"/>
  <testcase name="test001[14]" classname="com.bestbuy.testsuit.ProductCrudTestWithDataDrivenTest" time="0.101"/>
  <testcase name="test001[15]" classname="com.bestbuy.testsuit.ProductCrudTestWithDataDrivenTest" time="0.015"/>
  <testcase name="test001[16]" classname="com.bestbuy.testsuit.ProductCrudTestWithDataDrivenTest" time="0.021"/>
  <testcase name="test001[17]" classname="com.bestbuy.testsuit.ProductCrudTestWithDataDrivenTest" time="0.026"/>
  <testcase name="test001[18]" classname="com.bestbuy.testsuit.ProductCrudTestWithDataDrivenTest" time="0.039"/>
  <testcase name="test001[19]" classname="com.bestbuy.testsuit.ProductCrudTestWithDataDrivenTest" time="0.025"/>
  <testcase name="test001[20]" classname="com.bestbuy.testsuit.ProductCrudTestWithDataDrivenTest" time="0.023"/>
  <testcase name="test001[21]" classname="com.bestbuy.testsuit.ProductCrudTestWithDataDrivenTest" time="0.028"/>
  <testcase name="test001[22]" classname="com.bestbuy.testsuit.ProductCrudTestWithDataDrivenTest" time="0.016"/>
  <testcase name="test001[23]" classname="com.bestbuy.testsuit.ProductCrudTestWithDataDrivenTest" time="0.033"/>
  <testcase name="test001[24]" classname="com.bestbuy.testsuit.ProductCrudTestWithDataDrivenTest" time="0.037"/>
  <testcase name="test001[25]" classname="com.bestbuy.testsuit.ProductCrudTestWithDataDrivenTest" time="0.072"/>
  <testcase name="test001[26]" classname="com.bestbuy.testsuit.ProductCrudTestWithDataDrivenTest" time="0.046"/>
  <testcase name="test001[27]" classname="com.bestbuy.testsuit.ProductCrudTestWithDataDrivenTest" time="0.037"/>
  <testcase name="test001[28]" classname="com.bestbuy.testsuit.ProductCrudTestWithDataDrivenTest" time="0.01"/>
  <testcase name="test001[29]" classname="com.bestbuy.testsuit.ProductCrudTestWithDataDrivenTest" time="0.02"/>
  <testcase name="test001[30]" classname="com.bestbuy.testsuit.ProductCrudTestWithDataDrivenTest" time="0.036"/>
  <testcase name="test001[31]" classname="com.bestbuy.testsuit.ProductCrudTestWithDataDrivenTest" time="0.023"/>
  <testcase name="test001[32]" classname="com.bestbuy.testsuit.ProductCrudTestWithDataDrivenTest" time="0.029"/>
  <testcase name="test001[33]" classname="com.bestbuy.testsuit.ProductCrudTestWithDataDrivenTest" time="0.024"/>
  <testcase name="test001[34]" classname="com.bestbuy.testsuit.ProductCrudTestWithDataDrivenTest" time="0.022"/>
  <testcase name="test001[35]" classname="com.bestbuy.testsuit.ProductCrudTestWithDataDrivenTest" time="0.017"/>
  <testcase name="test001[36]" classname="com.bestbuy.testsuit.ProductCrudTestWithDataDrivenTest" time="0.023"/>
  <testcase name="test001[37]" classname="com.bestbuy.testsuit.ProductCrudTestWithDataDrivenTest" time="0.025"/>
  <testcase name="test001[38]" classname="com.bestbuy.testsuit.ProductCrudTestWithDataDrivenTest" time="0.028"/>
  <testcase name="test001[39]" classname="com.bestbuy.testsuit.ProductCrudTestWithDataDrivenTest" time="0.033"/>
  <testcase name="test001[40]" classname="com.bestbuy.testsuit.ProductCrudTestWithDataDrivenTest" time="0.023"/>
  <testcase name="test001[41]" classname="com.bestbuy.testsuit.ProductCrudTestWithDataDrivenTest" time="0.022"/>
  <testcase name="test001[42]" classname="com.bestbuy.testsuit.ProductCrudTestWithDataDrivenTest" time="0.017"/>
  <testcase name="test001[43]" classname="com.bestbuy.testsuit.ProductCrudTestWithDataDrivenTest" time="0.018"/>
  <testcase name="test001[44]" classname="com.bestbuy.testsuit.ProductCrudTestWithDataDrivenTest" time="0.026"/>
  <testcase name="test001[45]" classname="com.bestbuy.testsuit.ProductCrudTestWithDataDrivenTest" time="0.029"/>
  <testcase name="test001[46]" classname="com.bestbuy.testsuit.ProductCrudTestWithDataDrivenTest" time="0.063"/>
  <testcase name="test001[47]" classname="com.bestbuy.testsuit.ProductCrudTestWithDataDrivenTest" time="0.029"/>
  <testcase name="test001[48]" classname="com.bestbuy.testsuit.ProductCrudTestWithDataDrivenTest" time="0.014"/>
  <testcase name="test001[49]" classname="com.bestbuy.testsuit.ProductCrudTestWithDataDrivenTest" time="0.02"/>
  <testcase name="Test mechanism" classname="Test mechanism" time="0.006">
    <error type="java.lang.NullPointerException:">java.lang.NullPointerException: null
	at net.thucydides.core.model.DataTable$RowValueAccessor.toStringMap(DataTable.java:291)
	at net.serenitybdd.junit.runners.ParameterizedJUnitStepListener.testStarted(ParameterizedJUnitStepListener.java:38)
	at org.junit.runner.notification.SynchronizedRunListener.testStarted(SynchronizedRunListener.java:49)
	at org.junit.runner.notification.RunNotifier$3.notifyListener(RunNotifier.java:121)
	at org.junit.runner.notification.RunNotifier$SafeNotifier.run(RunNotifier.java:72)
	at org.junit.runner.notification.RunNotifier.fireTestStarted(RunNotifier.java:118)
	at org.junit.internal.runners.model.EachTestNotifier.fireTestStarted(EachTestNotifier.java:42)
	at org.junit.runners.ParentRunner.runLeaf(ParentRunner.java:323)
	at org.junit.runners.BlockJUnit4ClassRunner.runChild(BlockJUnit4ClassRunner.java:78)
	at net.serenitybdd.junit.runners.SerenityRunner.performRunChild(SerenityRunner.java:471)
	at net.serenitybdd.junit.runners.SerenityRunner.runChild(SerenityRunner.java:446)
	at net.serenitybdd.junit.runners.SerenityRunner.runChild(SerenityRunner.java:55)
	at org.junit.runners.ParentRunner$3.run(ParentRunner.java:290)
	at org.junit.runners.ParentRunner$1.schedule(ParentRunner.java:71)
	at org.junit.runners.ParentRunner.runChildren(ParentRunner.java:288)
	at org.junit.runners.ParentRunner.access$000(ParentRunner.java:58)
	at org.junit.runners.ParentRunner$2.evaluate(ParentRunner.java:268)
	at org.junit.runners.ParentRunner.run(ParentRunner.java:363)
	at net.serenitybdd.junit.runners.SerenityRunner.run(SerenityRunner.java:252)
	at org.junit.runners.Suite.runChild(Suite.java:128)
	at org.junit.runners.Suite.runChild(Suite.java:27)
	at org.junit.runners.ParentRunner$3.run(ParentRunner.java:290)
	at org.junit.runners.ParentRunner$1.schedule(ParentRunner.java:71)
	at org.junit.runners.ParentRunner.runChildren(ParentRunner.java:288)
	at org.junit.runners.ParentRunner.access$000(ParentRunner.java:58)
	at org.junit.runners.ParentRunner$2.evaluate(ParentRunner.java:268)
	at org.junit.internal.runners.statements.RunBefores.evaluate(RunBefores.java:26)
	at org.junit.runners.ParentRunner.run(ParentRunner.java:363)
	at net.serenitybdd.junit.runners.SerenityParameterizedRunner.run(SerenityParameterizedRunner.java:185)
	at org.apache.maven.surefire.junit4.JUnit4Provider.execute(JUnit4Provider.java:283)
	at org.apache.maven.surefire.junit4.JUnit4Provider.executeWithRerun(JUnit4Provider.java:173)
	at org.apache.maven.surefire.junit4.JUnit4Provider.executeTestSet(JUnit4Provider.java:153)
	at org.apache.maven.surefire.junit4.JUnit4Provider.invoke(JUnit4Provider.java:128)
	at org.apache.maven.surefire.booter.ForkedBooter.invokeProviderInSameClassLoader(ForkedBooter.java:203)
	at org.apache.maven.surefire.booter.ForkedBooter.runSuitesInProcess(ForkedBooter.java:155)
	at org.apache.maven.surefire.booter.ForkedBooter.main(ForkedBooter.java:103)
</error>
    <system-err><![CDATA[10636 [main] INFO net.serenitybdd.core.Serenity - 
        __    _____ _____ ____ _____   ____   _    ____  ____  _____ ____  
  _     \ \  |_   _| ____/ ___|_   _| |  _ \ / \  / ___|/ ___|| ____|  _ \ 
 (_)_____| |   | | |  _| \___ \ | |   | |_) / _ \ \___ \\___ \|  _| | | | |
  _|_____| |   | | | |___ ___) || |   |  __/ ___ \ ___) |___) | |___| |_| |
 (_)     | |   |_| |_____|____/ |_|   |_| /_/   \_\____/|____/|_____|____/ 
        /_/                                                                

TEST PASSED: This will create new product
----------------------------------------------------------------------------
10638 [main] INFO net.serenitybdd.core.Serenity - Test Suite Started: Product crud test with data driven test
10638 [main] INFO net.serenitybdd.core.Serenity - 
 _____ _____ ____ _____   ____ _____  _    ____ _____ _____ ____  
|_   _| ____/ ___|_   _| / ___|_   _|/ \  |  _ \_   _| ____|  _ \ 
  | | |  _| \___ \ | |   \___ \ | | / _ \ | |_) || | |  _| | | | |
  | | | |___ ___) || |    ___) || |/ ___ \|  _ < | | | |___| |_| |
  |_| |_____|____/ |_|   |____/ |_/_/   \_\_| \_\|_| |_____|____/ 
                                                                  

TEST STARTED: test001[50]
-------------------------------------------------------------------
10638 [main] INFO net.serenitybdd.core.Serenity - TEST NUMBER: 51
]]></system-err>
  </testcase>
  <testcase name="test001[50]" classname="com.bestbuy.testsuit.ProductCrudTestWithDataDrivenTest" time="0.069">
    <failure message="1 expectation failed.&#10;Expected status code &lt;201&gt; but was &lt;400&gt;.&#10;" type="java.lang.AssertionError"><![CDATA[java.lang.AssertionError: 1 expectation failed.
Expected status code <201> but was <400>.

	at sun.reflect.NativeConstructorAccessorImpl.newInstance0(Native Method)
	at sun.reflect.NativeConstructorAccessorImpl.newInstance(NativeConstructorAccessorImpl.java:62)
	at sun.reflect.DelegatingConstructorAccessorImpl.newInstance(DelegatingConstructorAccessorImpl.java:45)
	at java.lang.reflect.Constructor.newInstance(Constructor.java:423)
	at org.codehaus.groovy.reflection.CachedConstructor.invoke(CachedConstructor.java:83)
	at org.codehaus.groovy.reflection.CachedConstructor.doConstructorInvoke(CachedConstructor.java:77)
	at org.codehaus.groovy.runtime.callsite.ConstructorSite$ConstructorSiteNoUnwrap.callConstructor(ConstructorSite.java:84)
	at org.codehaus.groovy.runtime.callsite.CallSiteArray.defaultCallConstructor(CallSiteArray.java:60)
	at org.codehaus.groovy.runtime.callsite.AbstractCallSite.callConstructor(AbstractCallSite.java:235)
	at org.codehaus.groovy.runtime.callsite.AbstractCallSite.callConstructor(AbstractCallSite.java:247)
	at io.restassured.internal.ResponseSpecificationImpl$HamcrestAssertionClosure.validate(ResponseSpecificationImpl.groovy:471)
	at io.restassured.internal.ResponseSpecificationImpl$HamcrestAssertionClosure$validate$1.call(Unknown Source)
	at io.restassured.internal.ResponseSpecificationImpl.validateResponseIfRequired(ResponseSpecificationImpl.groovy:636)
	at sun.reflect.GeneratedMethodAccessor232.invoke(Unknown Source)
	at sun.reflect.DelegatingMethodAccessorImpl.invoke(DelegatingMethodAccessorImpl.java:43)
	at java.lang.reflect.Method.invoke(Method.java:498)
	at org.codehaus.groovy.runtime.callsite.PogoMetaMethodSite$PogoCachedMethodSiteNoUnwrapNoCoerce.invoke(PogoMetaMethodSite.java:210)
	at org.codehaus.groovy.runtime.callsite.PogoMetaMethodSite.callCurrent(PogoMetaMethodSite.java:59)
	at org.codehaus.groovy.runtime.callsite.AbstractCallSite.callCurrent(AbstractCallSite.java:166)
	at io.restassured.internal.ResponseSpecificationImpl.statusCode(ResponseSpecificationImpl.groovy:122)
	at io.restassured.specification.ResponseSpecification$statusCode$0.callCurrent(Unknown Source)
	at io.restassured.internal.ResponseSpecificationImpl.statusCode(ResponseSpecificationImpl.groovy:130)
	at io.restassured.internal.ValidatableResponseOptionsImpl.statusCode(ValidatableResponseOptionsImpl.java:117)
	at com.bestbuy.testsuit.ProductCrudTestWithDataDrivenTest.test001(ProductCrudTestWithDataDrivenTest.java:32)
]]></failure>
    <system-out><![CDATA[Request method:	POST
Request URI:	http://localhost:3030/products
Proxy:			<none>
Request params:	<none>
Query params:	<none>
Form params:	<none>
Path params:	<none>
Multiparts:		<none>
Headers:		Accept=*/*
				Content-Type=application/json; charset=UTF-8
Cookies:		<none>
Body:
{
    "name": "",
    "type": null,
    "price": 0,
    "upc": null,
    "shipping": 0,
    "model": null,
    "description": null,
    "manufacturer": null
}
]]></system-out>
  </testcase>
  <testcase name="com.bestbuy.testsuit.ProductCrudTestWithDataDrivenTest" classname="org.apache.maven.surefire.junit4.JUnit4Provider" time="0.079">
    <error message="at index 1" type="java.lang.NullPointerException">java.lang.NullPointerException: at index 1
	at com.google.common.collect.ObjectArrays.checkElementNotNull(ObjectArrays.java:236)
	at com.google.common.collect.ObjectArrays.checkElementsNotNull(ObjectArrays.java:226)
	at com.google.common.collect.ObjectArrays.checkElementsNotNull(ObjectArrays.java:220)
	at com.google.common.collect.ImmutableList.construct(ImmutableList.java:347)
	at com.google.common.collect.ImmutableList.copyOf(ImmutableList.java:257)
	at net.thucydides.core.model.DataTable.addRows(DataTable.java:120)
	at net.thucydides.core.model.TestOutcome.addDataFrom(TestOutcome.java:704)
	at net.serenitybdd.junit.runners.ParameterizedTestsOutcomeAggregator.aggregatedScenarioOutcomes(ParameterizedTestsOutcomeAggregator.java:48)
	at net.serenitybdd.junit.runners.ParameterizedTestsOutcomeAggregator.aggregateTestOutcomesByTestMethods(ParameterizedTestsOutcomeAggregator.java:29)
	at net.serenitybdd.junit.runners.SerenityParameterizedRunner.generateReports(SerenityParameterizedRunner.java:193)
	at net.serenitybdd.junit.runners.SerenityParameterizedRunner.run(SerenityParameterizedRunner.java:188)
	at org.apache.maven.surefire.junit4.JUnit4Provider.execute(JUnit4Provider.java:283)
	at org.apache.maven.surefire.junit4.JUnit4Provider.executeWithRerun(JUnit4Provider.java:173)
	at org.apache.maven.surefire.junit4.JUnit4Provider.executeTestSet(JUnit4Provider.java:153)
	at org.apache.maven.surefire.junit4.JUnit4Provider.invoke(JUnit4Provider.java:128)
</error>
    <system-err><![CDATA[10687 [main] ERROR net.serenitybdd.core.Serenity - 
           __  _____ _____ ____ _____   _____ _    ___ _     _____ ____  
  _       / / |_   _| ____/ ___|_   _| |  ___/ \  |_ _| |   | ____|  _ \ 
 (_)_____| |    | | |  _| \___ \ | |   | |_ / _ \  | || |   |  _| | | | |
  _|_____| |    | | | |___ ___) || |   |  _/ ___ \ | || |___| |___| |_| |
 (_)     | |    |_| |_____|____/ |_|   |_|/_/   \_\___|_____|_____|____/ 
          \_\                                                            

TEST FAILED: This will create new product
--------------------------------------------------------------------------
10689 [main] ERROR net.serenitybdd.core.Serenity - 1 expectation failed.Expected status code <201> but was <400>.
]]></system-err>
  </testcase>
</testsuite>