<?xml version="1.0" encoding="UTF-8"?><testsuite errors="0" failures="0" name="com.bestbuy.testsuit.StoreCurdTestWithSteps" skipped="0" tests="4" time="0.38" timestamp="2023-01-09T20:53:05.096Z[Europe/London]"><testcase classname="com.bestbuy.testsuit.StoreCurdTestWithSteps" name="This will create new store"/><testcase classname="com.bestbuy.testsuit.StoreCurdTestWithSteps" name="Verify if the store was added to the application"/><testcase classname="com.bestbuy.testsuit.StoreCurdTestWithSteps" name="Update the user information and verify the updated information"/><testcase classname="com.bestbuy.testsuit.StoreCurdTestWithSteps" name="Delete the store and verify if the student is deleted!"/></testsuite>