<?xml version="1.0" encoding="UTF-8"?><testsuite errors="0" failures="0" name="com.bestbuy.testsuit.ProductCrudTestWithSteps" skipped="0" tests="4" time="0.52" timestamp="2023-01-09T20:53:03.985Z[Europe/London]"><testcase classname="com.bestbuy.testsuit.ProductCrudTestWithSteps" name="This will create new product"/><testcase classname="com.bestbuy.testsuit.ProductCrudTestWithSteps" name="Verify if the student was added to the application"/><testcase classname="com.bestbuy.testsuit.ProductCrudTestWithSteps" name="Update the user information and verify the updated information"/><testcase classname="com.bestbuy.testsuit.ProductCrudTestWithSteps" name="Delete the student and verify if the student is deleted!"/></testsuite>