<?xml version="1.0" encoding="UTF-8"?><testsuite errors="0" failures="0" name="BestBuy Application" skipped="0" tests="10" time="5.29" timestamp="2023-01-09T20:52:54.457Z[Europe/London]"><testcase name="Check if the BestBuy application can be accessed by users"/><testcase name="Create a new product &amp; verify if the product is added"/><testcase name="Update an exciting product &amp; verify that product  is updated"/><testcase name="Delete an exciting product &amp; verify that product is deleted"/><testcase name="CRUD Test"/><testcase name="Check if the BestBuy application can be accessed by users"/><testcase name="Create a new store &amp; verify if the store is added"/><testcase name="Update an exciting store &amp; verify that store is updated"/><testcase name="Delete an exciting store &amp; verify that store is deleted"/><testcase name="CRUD Test"/></testsuite>